<?xml version="1.0" encoding="UTF-8"?>
<testsuite xmlns:xsi="http://www.w3.org/2001/XMLSchema-instance" xsi:noNamespaceSchemaLocation="https://maven.apache.org/surefire/maven-surefire-plugin/xsd/surefire-test-report-3.0.xsd" version="3.0" name="TestSuite" time="31.738" tests="1" errors="0" skipped="0" failures="0">
  <properties>
[...]
</properties>
  <testcase name="runScenario[&quot;Single test&quot;, &quot;Optional[Add new item to ToDO list]&quot;](1)" classname="testrunner.testrunner.LtRunner" time="20.222">
    <system-out><![CDATA[
@nobrowser @single
Scenario Outline: Single test                                    # src/main/java/automation/features/todo.feature:15
  Given user is on home Page with chrome,87.0,WIN10 and 1024x768 # automation.stepDefinition.ToDoStepDefinition.userIsOnHomePageWithBrowserVersionOsAndResolution(java.lang.String,java.lang.String,java.lang.String,java.lang.String)
  When select First Item                                         # automation.stepDefinition.ToDoStepDefinition.select_first_item()
  Then select second item                                        # automation.stepDefinition.ToDoStepDefinition.select_second_item()
  Then add new item                                              # automation.stepDefinition.ToDoStepDefinition.add_new_item()
  Then verify added item                                         # automation.stepDefinition.ToDoStepDefinition.verify_added_item()
  Then Update the result                                         # automation.stepDefinition.ToDoStepDefinition.update_result()
  Then Close the browser                                         # automation.stepDefinition.ToDoStepDefinition.close_the_browser()
]]></system-out>
    <system-err><![CDATA[Oct 07, 2021 12:23:40 PM org.openqa.selenium.remote.ProtocolHandshake createSession
INFO: Detected dialect: W3C
]]></system-err>
  </testcase>
</testsuite>