<?xml version="1.0" encoding="UTF-8"?>
<testng-results ignored="0" total="1" passed="1" failed="0" skipped="0">
  <reporter-output>
  </reporter-output>
  <suite started-at="2021-10-07T12:23:23 IST" name="Suite" finished-at="2021-10-07T12:23:49 IST" duration-ms="26390">
    <groups>
      <group name="cucumber">
        <method signature="AbstractTestNGCucumberTests.runScenario(io.cucumber.testng.PickleWrapper, io.cucumber.testng.FeatureWrapper)[pri:0, instance:testrunner.testrunner.LtRunner@1bb5a082]" name="runScenario" class="io.cucumber.testng.AbstractTestNGCucumberTests"/>
      </group> <!-- cucumber -->
    </groups>
    <test started-at="2021-10-07T12:23:23 IST" name="Test" finished-at="2021-10-07T12:23:49 IST" duration-ms="26390">
      <class name="testrunner.testrunner.LtRunner">
        <test-method is-config="true" signature="setUpClass()[pri:0, instance:testrunner.testrunner.LtRunner@1bb5a082]" started-at="2021-10-07T12:23:23 IST" name="setUpClass" finished-at="2021-10-07T12:23:29 IST" duration-ms="6100" status="PASS">
          <reporter-output>
          </reporter-output>
        </test-method> <!-- setUpClass -->
        <test-method signature="runScenario(io.cucumber.testng.PickleWrapper, io.cucumber.testng.FeatureWrapper)[pri:0, instance:testrunner.testrunner.LtRunner@1bb5a082]" started-at="2021-10-07T12:23:29 IST" name="runScenario" description="Runs Cucumber Scenarios" data-provider="scenarios" finished-at="2021-10-07T12:23:49 IST" duration-ms="20217" status="PASS">
          <params>
            <param index="0">
              <value>
                <![CDATA["Single test"]]>
              </value>
            </param>
            <param index="1">
              <value>
                <![CDATA["Optional[Add new item to ToDO list]"]]>
              </value>
            </param>
          </params>
          <reporter-output>
          </reporter-output>
        </test-method> <!-- runScenario -->
        <test-method is-config="true" signature="tearDownClass()[pri:0, instance:testrunner.testrunner.LtRunner@1bb5a082]" started-at="2021-10-07T12:23:49 IST" name="tearDownClass" finished-at="2021-10-07T12:23:49 IST" duration-ms="49" status="PASS">
          <reporter-output>
          </reporter-output>
        </test-method> <!-- tearDownClass -->
      </class> <!-- testrunner.testrunner.LtRunner -->
    </test> <!-- Test -->
  </suite> <!-- Suite -->
</testng-results>
